<?xml version="1.0" encoding="UTF-8"?>
<testng-results ignored="0" total="1" passed="1" failed="0" skipped="0">
  <reporter-output>
  </reporter-output>
  <suite started-at="2021-04-17T07:27:08 IST" name="Default suite" finished-at="2021-04-17T07:27:25 IST" duration-ms="17695">
    <groups>
    </groups>
    <test started-at="2021-04-17T07:27:08 IST" name="Default test" finished-at="2021-04-17T07:27:25 IST" duration-ms="17695">
      <class name="E2EProject.HomePage">
        <test-method is-config="true" signature="initialize()[pri:0, instance:E2EProject.HomePage@5cbe877d]" started-at="2021-04-17T07:27:08 IST" name="initialize" finished-at="2021-04-17T07:27:21 IST" duration-ms="12980" status="PASS">
          <reporter-output>
          </reporter-output>
        </test-method> <!-- initialize -->
        <test-method signature="basepageNavigation(java.lang.String,java.lang.String)[pri:0, instance:E2EProject.HomePage@5cbe877d]" started-at="2021-04-17T07:27:21 IST" name="basepageNavigation" data-provider="getData" finished-at="2021-04-17T07:27:25 IST" duration-ms="4456" status="PASS">
          <params>
            <param index="0">
              <value>
                <![CDATA[Shankarkdjs@gmail.com]]>
              </value>
            </param>
            <param index="1">
              <value>
                <![CDATA[123456987]]>
              </value>
            </param>
          </params>
          <reporter-output>
          </reporter-output>
        </test-method> <!-- basepageNavigation -->
        <test-method is-config="true" signature="teardown()[pri:0, instance:E2EProject.HomePage@5cbe877d]" started-at="2021-04-17T07:27:25 IST" name="teardown" finished-at="2021-04-17T07:27:25 IST" duration-ms="118" status="PASS">
          <reporter-output>
          </reporter-output>
        </test-method> <!-- teardown -->
      </class> <!-- E2EProject.HomePage -->
    </test> <!-- Default test -->
  </suite> <!-- Default suite -->
</testng-results>
